  [1m[36m (49.1ms)[0m  [1mCREATE TABLE `schema_migrations` (`version` varchar(255) NOT NULL) ENGINE=InnoDB[0m
  [1m[35m (168.2ms)[0m  CREATE UNIQUE INDEX `unique_schema_migrations` ON `schema_migrations` (`version`)
  [1m[36m (0.6ms)[0m  [1mSELECT `schema_migrations`.`version` FROM `schema_migrations` [0m
Migrating to CreateRestaurantes (20120516164452)
  [1m[35m (94.9ms)[0m  CREATE TABLE `restaurantes` (`id` int(11) DEFAULT NULL auto_increment PRIMARY KEY, `nome` varchar(80), `endereco` varchar(255), `created_at` datetime NOT NULL, `updated_at` datetime NOT NULL) ENGINE=InnoDB
  [1m[36m (0.6ms)[0m  [1mINSERT INTO `schema_migrations` (`version`) VALUES ('20120516164452')[0m
  [1m[35m (0.3ms)[0m  SELECT `schema_migrations`.`version` FROM `schema_migrations` 
  [1m[36m (0.4ms)[0m  [1mSELECT `schema_migrations`.`version` FROM `schema_migrations` [0m
Migrating to CreateRestaurantes (20120516164452)
Migrating to AddColumnEspecialidadeRestaurante (20120516164731)
  [1m[35m (96.1ms)[0m  ALTER TABLE `restaurantes` ADD `especialidade` varchar(40)
  [1m[36m (0.9ms)[0m  [1mINSERT INTO `schema_migrations` (`version`) VALUES ('20120516164731')[0m
  [1m[35m (0.2ms)[0m  SELECT `schema_migrations`.`version` FROM `schema_migrations` 
  [1m[36m (0.4ms)[0m  [1mSELECT `schema_migrations`.`version` FROM `schema_migrations` [0m
Migrating to CreateRestaurantes (20120516164452)
Migrating to AddColumnEspecialidadeRestaurante (20120516164731)
Migrating to CreateClientes (20120516181923)
  [1m[35m (73.1ms)[0m  CREATE TABLE `clientes` (`id` int(11) DEFAULT NULL auto_increment PRIMARY KEY, `nome` varchar(80), `idade` int(11), `created_at` datetime NOT NULL, `updated_at` datetime NOT NULL) ENGINE=InnoDB
  [1m[36m (10.2ms)[0m  [1mINSERT INTO `schema_migrations` (`version`) VALUES ('20120516181923')[0m
  [1m[35m (0.3ms)[0m  SELECT `schema_migrations`.`version` FROM `schema_migrations` 
  [1m[36m (0.3ms)[0m  [1mSELECT `schema_migrations`.`version` FROM `schema_migrations` [0m
Migrating to CreateRestaurantes (20120516164452)
Migrating to AddColumnEspecialidadeRestaurante (20120516164731)
Migrating to CreateClientes (20120516181923)
Migrating to CreatePratos (20120516182304)
  [1m[35m (53.5ms)[0m  CREATE TABLE `pratos` (`id` int(11) DEFAULT NULL auto_increment PRIMARY KEY, `nome` varchar(80), `created_at` datetime NOT NULL, `updated_at` datetime NOT NULL) ENGINE=InnoDB
  [1m[36m (19.5ms)[0m  [1mINSERT INTO `schema_migrations` (`version`) VALUES ('20120516182304')[0m
  [1m[35m (0.3ms)[0m  SELECT `schema_migrations`.`version` FROM `schema_migrations` 
  [1m[36m (0.4ms)[0m  [1mSELECT `schema_migrations`.`version` FROM `schema_migrations` [0m
Migrating to CreateRestaurantes (20120516164452)
Migrating to AddColumnEspecialidadeRestaurante (20120516164731)
Migrating to CreateClientes (20120516181923)
Migrating to CreatePratos (20120516182304)
Migrating to CreateReceita (20120516182520)
  [1m[35m (80.6ms)[0m  CREATE TABLE `receita` (`id` int(11) DEFAULT NULL auto_increment PRIMARY KEY, `prato_id` int(11), `conteudo` text, `created_at` datetime NOT NULL, `updated_at` datetime NOT NULL) ENGINE=InnoDB
  [1m[36m (39.6ms)[0m  [1mINSERT INTO `schema_migrations` (`version`) VALUES ('20120516182520')[0m
  [1m[35m (0.3ms)[0m  SELECT `schema_migrations`.`version` FROM `schema_migrations` 
  [1m[36m (0.3ms)[0m  [1mSELECT `schema_migrations`.`version` FROM `schema_migrations` [0m
Migrating to CreateRestaurantes (20120516164452)
Migrating to AddColumnEspecialidadeRestaurante (20120516164731)
Migrating to CreateClientes (20120516181923)
Migrating to CreatePratos (20120516182304)
Migrating to CreateReceita (20120516182520)
Migrating to CreateQualificacoes (20120516183339)
  [1m[35m (49.1ms)[0m  CREATE TABLE `qualificacoes` (`id` int(11) DEFAULT NULL auto_increment PRIMARY KEY, `cliente_id` int(11), `restaurante_id` int(11), `nota` float, `valor_gasto` float, `created_at` datetime NOT NULL, `updated_at` datetime NOT NULL) ENGINE=InnoDB
  [1m[36m (257.3ms)[0m  [1mCREATE INDEX `index_qualificacoes_on_cliente_id` ON `qualificacoes` (`cliente_id`)[0m
  [1m[35m (102.0ms)[0m  CREATE INDEX `index_qualificacoes_on_restaurante_id` ON `qualificacoes` (`restaurante_id`)
  [1m[36m (0.6ms)[0m  [1mINSERT INTO `schema_migrations` (`version`) VALUES ('20120516183339')[0m
  [1m[35m (0.3ms)[0m  SELECT `schema_migrations`.`version` FROM `schema_migrations` 
  [1m[36m (0.6ms)[0m  [1mSELECT `schema_migrations`.`version` FROM `schema_migrations` [0m
Migrating to CreateRestaurantes (20120516164452)
Migrating to AddColumnEspecialidadeRestaurante (20120516164731)
Migrating to CreateClientes (20120516181923)
Migrating to CreatePratos (20120516182304)
Migrating to CreateReceita (20120516182520)
Migrating to CreateQualificacoes (20120516183339)
Migrating to CreatePratosRestaurantesJoinTable (20120517115442)
  [1m[36m (0.5ms)[0m  [1mSELECT `schema_migrations`.`version` FROM `schema_migrations` [0m
Migrating to CreateRestaurantes (20120516164452)
Migrating to AddColumnEspecialidadeRestaurante (20120516164731)
Migrating to CreateClientes (20120516181923)
Migrating to CreatePratos (20120516182304)
Migrating to CreateReceita (20120516182520)
Migrating to CreateQualificacoes (20120516183339)
Migrating to CreatePratosRestaurantesJoinTable (20120517115442)
  [1m[36m (0.3ms)[0m  [1mSELECT `schema_migrations`.`version` FROM `schema_migrations` [0m
Migrating to CreateRestaurantes (20120516164452)
Migrating to AddColumnEspecialidadeRestaurante (20120516164731)
Migrating to CreateClientes (20120516181923)
Migrating to CreatePratos (20120516182304)
Migrating to CreateReceita (20120516182520)
Migrating to CreateQualificacoes (20120516183339)
Migrating to CreatePratosRestaurantesJoinTable (20120517115442)
  [1m[35m (35.8ms)[0m  CREATE TABLE `pratos_restaurantes` (`prato_id` int(11), `restaurante_id` int(11)) ENGINE=InnoDB
  [1m[36m (0.7ms)[0m  [1mINSERT INTO `schema_migrations` (`version`) VALUES ('20120517115442')[0m
  [1m[35m (0.2ms)[0m  SELECT `schema_migrations`.`version` FROM `schema_migrations` 


Started GET "/vota_prato/restaurante" for 127.0.0.1 at 2012-05-17 14:52:46 -0300

ActionController::RoutingError (No route matches [GET] "/vota_prato/restaurante"):
  actionpack (3.2.3) lib/action_dispatch/middleware/debug_exceptions.rb:21:in `call'
  actionpack (3.2.3) lib/action_dispatch/middleware/show_exceptions.rb:56:in `call'
  railties (3.2.3) lib/rails/rack/logger.rb:26:in `call_app'
  railties (3.2.3) lib/rails/rack/logger.rb:16:in `call'
  actionpack (3.2.3) lib/action_dispatch/middleware/request_id.rb:22:in `call'
  rack (1.4.1) lib/rack/methodoverride.rb:21:in `call'
  rack (1.4.1) lib/rack/runtime.rb:17:in `call'
  activesupport (3.2.3) lib/active_support/cache/strategy/local_cache.rb:72:in `call'
  rack (1.4.1) lib/rack/lock.rb:15:in `call'
  actionpack (3.2.3) lib/action_dispatch/middleware/static.rb:62:in `call'
  railties (3.2.3) lib/rails/engine.rb:479:in `call'
  railties (3.2.3) lib/rails/application.rb:220:in `call'
  rack (1.4.1) lib/rack/content_length.rb:14:in `call'
  railties (3.2.3) lib/rails/rack/log_tailer.rb:14:in `call'
  rack (1.4.1) lib/rack/handler/webrick.rb:59:in `service'
  /Users/caioincau/.rvm/rubies/ruby-1.9.3-p125/lib/ruby/1.9.1/webrick/httpserver.rb:138:in `service'
  /Users/caioincau/.rvm/rubies/ruby-1.9.3-p125/lib/ruby/1.9.1/webrick/httpserver.rb:94:in `run'
  /Users/caioincau/.rvm/rubies/ruby-1.9.3-p125/lib/ruby/1.9.1/webrick/server.rb:191:in `block in start_thread'


  Rendered /Users/caioincau/.rvm/gems/ruby-1.9.3-p125@global/gems/actionpack-3.2.3/lib/action_dispatch/middleware/templates/rescues/routing_error.erb within rescues/layout (4.6ms)


Started GET "/vota_prato/restaurantes" for 127.0.0.1 at 2012-05-17 14:52:50 -0300

ActionController::RoutingError (No route matches [GET] "/vota_prato/restaurantes"):
  actionpack (3.2.3) lib/action_dispatch/middleware/debug_exceptions.rb:21:in `call'
  actionpack (3.2.3) lib/action_dispatch/middleware/show_exceptions.rb:56:in `call'
  railties (3.2.3) lib/rails/rack/logger.rb:26:in `call_app'
  railties (3.2.3) lib/rails/rack/logger.rb:16:in `call'
  actionpack (3.2.3) lib/action_dispatch/middleware/request_id.rb:22:in `call'
  rack (1.4.1) lib/rack/methodoverride.rb:21:in `call'
  rack (1.4.1) lib/rack/runtime.rb:17:in `call'
  activesupport (3.2.3) lib/active_support/cache/strategy/local_cache.rb:72:in `call'
  rack (1.4.1) lib/rack/lock.rb:15:in `call'
  actionpack (3.2.3) lib/action_dispatch/middleware/static.rb:62:in `call'
  railties (3.2.3) lib/rails/engine.rb:479:in `call'
  railties (3.2.3) lib/rails/application.rb:220:in `call'
  rack (1.4.1) lib/rack/content_length.rb:14:in `call'
  railties (3.2.3) lib/rails/rack/log_tailer.rb:14:in `call'
  rack (1.4.1) lib/rack/handler/webrick.rb:59:in `service'
  /Users/caioincau/.rvm/rubies/ruby-1.9.3-p125/lib/ruby/1.9.1/webrick/httpserver.rb:138:in `service'
  /Users/caioincau/.rvm/rubies/ruby-1.9.3-p125/lib/ruby/1.9.1/webrick/httpserver.rb:94:in `run'
  /Users/caioincau/.rvm/rubies/ruby-1.9.3-p125/lib/ruby/1.9.1/webrick/server.rb:191:in `block in start_thread'


  Rendered /Users/caioincau/.rvm/gems/ruby-1.9.3-p125@global/gems/actionpack-3.2.3/lib/action_dispatch/middleware/templates/rescues/routing_error.erb within rescues/layout (0.6ms)


Started GET "/vota_prato/restaurante" for 127.0.0.1 at 2012-05-17 14:52:53 -0300

ActionController::RoutingError (No route matches [GET] "/vota_prato/restaurante"):
  actionpack (3.2.3) lib/action_dispatch/middleware/debug_exceptions.rb:21:in `call'
  actionpack (3.2.3) lib/action_dispatch/middleware/show_exceptions.rb:56:in `call'
  railties (3.2.3) lib/rails/rack/logger.rb:26:in `call_app'
  railties (3.2.3) lib/rails/rack/logger.rb:16:in `call'
  actionpack (3.2.3) lib/action_dispatch/middleware/request_id.rb:22:in `call'
  rack (1.4.1) lib/rack/methodoverride.rb:21:in `call'
  rack (1.4.1) lib/rack/runtime.rb:17:in `call'
  activesupport (3.2.3) lib/active_support/cache/strategy/local_cache.rb:72:in `call'
  rack (1.4.1) lib/rack/lock.rb:15:in `call'
  actionpack (3.2.3) lib/action_dispatch/middleware/static.rb:62:in `call'
  railties (3.2.3) lib/rails/engine.rb:479:in `call'
  railties (3.2.3) lib/rails/application.rb:220:in `call'
  rack (1.4.1) lib/rack/content_length.rb:14:in `call'
  railties (3.2.3) lib/rails/rack/log_tailer.rb:14:in `call'
  rack (1.4.1) lib/rack/handler/webrick.rb:59:in `service'
  /Users/caioincau/.rvm/rubies/ruby-1.9.3-p125/lib/ruby/1.9.1/webrick/httpserver.rb:138:in `service'
  /Users/caioincau/.rvm/rubies/ruby-1.9.3-p125/lib/ruby/1.9.1/webrick/httpserver.rb:94:in `run'
  /Users/caioincau/.rvm/rubies/ruby-1.9.3-p125/lib/ruby/1.9.1/webrick/server.rb:191:in `block in start_thread'


  Rendered /Users/caioincau/.rvm/gems/ruby-1.9.3-p125@global/gems/actionpack-3.2.3/lib/action_dispatch/middleware/templates/rescues/routing_error.erb within rescues/layout (0.8ms)


Started GET "/vota_prato/restaurante" for 127.0.0.1 at 2012-05-17 14:54:57 -0300

ActionController::RoutingError (No route matches [GET] "/vota_prato/restaurante"):
  actionpack (3.2.3) lib/action_dispatch/middleware/debug_exceptions.rb:21:in `call'
  actionpack (3.2.3) lib/action_dispatch/middleware/show_exceptions.rb:56:in `call'
  railties (3.2.3) lib/rails/rack/logger.rb:26:in `call_app'
  railties (3.2.3) lib/rails/rack/logger.rb:16:in `call'
  actionpack (3.2.3) lib/action_dispatch/middleware/request_id.rb:22:in `call'
  rack (1.4.1) lib/rack/methodoverride.rb:21:in `call'
  rack (1.4.1) lib/rack/runtime.rb:17:in `call'
  activesupport (3.2.3) lib/active_support/cache/strategy/local_cache.rb:72:in `call'
  rack (1.4.1) lib/rack/lock.rb:15:in `call'
  actionpack (3.2.3) lib/action_dispatch/middleware/static.rb:62:in `call'
  railties (3.2.3) lib/rails/engine.rb:479:in `call'
  railties (3.2.3) lib/rails/application.rb:220:in `call'
  rack (1.4.1) lib/rack/content_length.rb:14:in `call'
  railties (3.2.3) lib/rails/rack/log_tailer.rb:14:in `call'
  rack (1.4.1) lib/rack/handler/webrick.rb:59:in `service'
  /Users/caioincau/.rvm/rubies/ruby-1.9.3-p125/lib/ruby/1.9.1/webrick/httpserver.rb:138:in `service'
  /Users/caioincau/.rvm/rubies/ruby-1.9.3-p125/lib/ruby/1.9.1/webrick/httpserver.rb:94:in `run'
  /Users/caioincau/.rvm/rubies/ruby-1.9.3-p125/lib/ruby/1.9.1/webrick/server.rb:191:in `block in start_thread'


  Rendered /Users/caioincau/.rvm/gems/ruby-1.9.3-p125@global/gems/actionpack-3.2.3/lib/action_dispatch/middleware/templates/rescues/routing_error.erb within rescues/layout (0.6ms)


Started GET "/pessoas" for 127.0.0.1 at 2012-05-17 14:55:31 -0300

ActionController::RoutingError (No route matches [GET] "/pessoas"):
  actionpack (3.2.3) lib/action_dispatch/middleware/debug_exceptions.rb:21:in `call'
  actionpack (3.2.3) lib/action_dispatch/middleware/show_exceptions.rb:56:in `call'
  railties (3.2.3) lib/rails/rack/logger.rb:26:in `call_app'
  railties (3.2.3) lib/rails/rack/logger.rb:16:in `call'
  actionpack (3.2.3) lib/action_dispatch/middleware/request_id.rb:22:in `call'
  rack (1.4.1) lib/rack/methodoverride.rb:21:in `call'
  rack (1.4.1) lib/rack/runtime.rb:17:in `call'
  activesupport (3.2.3) lib/active_support/cache/strategy/local_cache.rb:72:in `call'
  rack (1.4.1) lib/rack/lock.rb:15:in `call'
  actionpack (3.2.3) lib/action_dispatch/middleware/static.rb:62:in `call'
  railties (3.2.3) lib/rails/engine.rb:479:in `call'
  railties (3.2.3) lib/rails/application.rb:220:in `call'
  rack (1.4.1) lib/rack/content_length.rb:14:in `call'
  railties (3.2.3) lib/rails/rack/log_tailer.rb:14:in `call'
  rack (1.4.1) lib/rack/handler/webrick.rb:59:in `service'
  /Users/caioincau/.rvm/rubies/ruby-1.9.3-p125/lib/ruby/1.9.1/webrick/httpserver.rb:138:in `service'
  /Users/caioincau/.rvm/rubies/ruby-1.9.3-p125/lib/ruby/1.9.1/webrick/httpserver.rb:94:in `run'
  /Users/caioincau/.rvm/rubies/ruby-1.9.3-p125/lib/ruby/1.9.1/webrick/server.rb:191:in `block in start_thread'


  Rendered /Users/caioincau/.rvm/gems/ruby-1.9.3-p125@global/gems/actionpack-3.2.3/lib/action_dispatch/middleware/templates/rescues/routing_error.erb within rescues/layout (0.6ms)


Started GET "/pessoas" for 127.0.0.1 at 2012-05-17 14:55:34 -0300

ActionController::RoutingError (No route matches [GET] "/pessoas"):
  actionpack (3.2.3) lib/action_dispatch/middleware/debug_exceptions.rb:21:in `call'
  actionpack (3.2.3) lib/action_dispatch/middleware/show_exceptions.rb:56:in `call'
  railties (3.2.3) lib/rails/rack/logger.rb:26:in `call_app'
  railties (3.2.3) lib/rails/rack/logger.rb:16:in `call'
  actionpack (3.2.3) lib/action_dispatch/middleware/request_id.rb:22:in `call'
  rack (1.4.1) lib/rack/methodoverride.rb:21:in `call'
  rack (1.4.1) lib/rack/runtime.rb:17:in `call'
  activesupport (3.2.3) lib/active_support/cache/strategy/local_cache.rb:72:in `call'
  rack (1.4.1) lib/rack/lock.rb:15:in `call'
  actionpack (3.2.3) lib/action_dispatch/middleware/static.rb:62:in `call'
  railties (3.2.3) lib/rails/engine.rb:479:in `call'
  railties (3.2.3) lib/rails/application.rb:220:in `call'
  rack (1.4.1) lib/rack/content_length.rb:14:in `call'
  railties (3.2.3) lib/rails/rack/log_tailer.rb:14:in `call'
  rack (1.4.1) lib/rack/handler/webrick.rb:59:in `service'
  /Users/caioincau/.rvm/rubies/ruby-1.9.3-p125/lib/ruby/1.9.1/webrick/httpserver.rb:138:in `service'
  /Users/caioincau/.rvm/rubies/ruby-1.9.3-p125/lib/ruby/1.9.1/webrick/httpserver.rb:94:in `run'
  /Users/caioincau/.rvm/rubies/ruby-1.9.3-p125/lib/ruby/1.9.1/webrick/server.rb:191:in `block in start_thread'


  Rendered /Users/caioincau/.rvm/gems/ruby-1.9.3-p125@global/gems/actionpack-3.2.3/lib/action_dispatch/middleware/templates/rescues/routing_error.erb within rescues/layout (0.6ms)


Started GET "/pessoas" for 127.0.0.1 at 2012-05-17 14:57:19 -0300

ActionController::RoutingError (No route matches [GET] "/pessoas"):
  actionpack (3.2.3) lib/action_dispatch/middleware/debug_exceptions.rb:21:in `call'
  actionpack (3.2.3) lib/action_dispatch/middleware/show_exceptions.rb:56:in `call'
  railties (3.2.3) lib/rails/rack/logger.rb:26:in `call_app'
  railties (3.2.3) lib/rails/rack/logger.rb:16:in `call'
  actionpack (3.2.3) lib/action_dispatch/middleware/request_id.rb:22:in `call'
  rack (1.4.1) lib/rack/methodoverride.rb:21:in `call'
  rack (1.4.1) lib/rack/runtime.rb:17:in `call'
  activesupport (3.2.3) lib/active_support/cache/strategy/local_cache.rb:72:in `call'
  rack (1.4.1) lib/rack/lock.rb:15:in `call'
  actionpack (3.2.3) lib/action_dispatch/middleware/static.rb:62:in `call'
  railties (3.2.3) lib/rails/engine.rb:479:in `call'
  railties (3.2.3) lib/rails/application.rb:220:in `call'
  rack (1.4.1) lib/rack/content_length.rb:14:in `call'
  railties (3.2.3) lib/rails/rack/log_tailer.rb:14:in `call'
  rack (1.4.1) lib/rack/handler/webrick.rb:59:in `service'
  /Users/caioincau/.rvm/rubies/ruby-1.9.3-p125/lib/ruby/1.9.1/webrick/httpserver.rb:138:in `service'
  /Users/caioincau/.rvm/rubies/ruby-1.9.3-p125/lib/ruby/1.9.1/webrick/httpserver.rb:94:in `run'
  /Users/caioincau/.rvm/rubies/ruby-1.9.3-p125/lib/ruby/1.9.1/webrick/server.rb:191:in `block in start_thread'


  Rendered /Users/caioincau/.rvm/gems/ruby-1.9.3-p125@global/gems/actionpack-3.2.3/lib/action_dispatch/middleware/templates/rescues/routing_error.erb within rescues/layout (0.6ms)


Started GET "/pessoas" for 127.0.0.1 at 2012-05-17 14:57:20 -0300

ActionController::RoutingError (No route matches [GET] "/pessoas"):
  actionpack (3.2.3) lib/action_dispatch/middleware/debug_exceptions.rb:21:in `call'
  actionpack (3.2.3) lib/action_dispatch/middleware/show_exceptions.rb:56:in `call'
  railties (3.2.3) lib/rails/rack/logger.rb:26:in `call_app'
  railties (3.2.3) lib/rails/rack/logger.rb:16:in `call'
  actionpack (3.2.3) lib/action_dispatch/middleware/request_id.rb:22:in `call'
  rack (1.4.1) lib/rack/methodoverride.rb:21:in `call'
  rack (1.4.1) lib/rack/runtime.rb:17:in `call'
  activesupport (3.2.3) lib/active_support/cache/strategy/local_cache.rb:72:in `call'
  rack (1.4.1) lib/rack/lock.rb:15:in `call'
  actionpack (3.2.3) lib/action_dispatch/middleware/static.rb:62:in `call'
  railties (3.2.3) lib/rails/engine.rb:479:in `call'
  railties (3.2.3) lib/rails/application.rb:220:in `call'
  rack (1.4.1) lib/rack/content_length.rb:14:in `call'
  railties (3.2.3) lib/rails/rack/log_tailer.rb:14:in `call'
  rack (1.4.1) lib/rack/handler/webrick.rb:59:in `service'
  /Users/caioincau/.rvm/rubies/ruby-1.9.3-p125/lib/ruby/1.9.1/webrick/httpserver.rb:138:in `service'
  /Users/caioincau/.rvm/rubies/ruby-1.9.3-p125/lib/ruby/1.9.1/webrick/httpserver.rb:94:in `run'
  /Users/caioincau/.rvm/rubies/ruby-1.9.3-p125/lib/ruby/1.9.1/webrick/server.rb:191:in `block in start_thread'


  Rendered /Users/caioincau/.rvm/gems/ruby-1.9.3-p125@global/gems/actionpack-3.2.3/lib/action_dispatch/middleware/templates/rescues/routing_error.erb within rescues/layout (0.8ms)


Started GET "/pessoas" for 127.0.0.1 at 2012-05-17 14:57:24 -0300

ActionController::RoutingError (No route matches [GET] "/pessoas"):
  actionpack (3.2.3) lib/action_dispatch/middleware/debug_exceptions.rb:21:in `call'
  actionpack (3.2.3) lib/action_dispatch/middleware/show_exceptions.rb:56:in `call'
  railties (3.2.3) lib/rails/rack/logger.rb:26:in `call_app'
  railties (3.2.3) lib/rails/rack/logger.rb:16:in `call'
  actionpack (3.2.3) lib/action_dispatch/middleware/request_id.rb:22:in `call'
  rack (1.4.1) lib/rack/methodoverride.rb:21:in `call'
  rack (1.4.1) lib/rack/runtime.rb:17:in `call'
  activesupport (3.2.3) lib/active_support/cache/strategy/local_cache.rb:72:in `call'
  rack (1.4.1) lib/rack/lock.rb:15:in `call'
  actionpack (3.2.3) lib/action_dispatch/middleware/static.rb:62:in `call'
  railties (3.2.3) lib/rails/engine.rb:479:in `call'
  railties (3.2.3) lib/rails/application.rb:220:in `call'
  rack (1.4.1) lib/rack/content_length.rb:14:in `call'
  railties (3.2.3) lib/rails/rack/log_tailer.rb:14:in `call'
  rack (1.4.1) lib/rack/handler/webrick.rb:59:in `service'
  /Users/caioincau/.rvm/rubies/ruby-1.9.3-p125/lib/ruby/1.9.1/webrick/httpserver.rb:138:in `service'
  /Users/caioincau/.rvm/rubies/ruby-1.9.3-p125/lib/ruby/1.9.1/webrick/httpserver.rb:94:in `run'
  /Users/caioincau/.rvm/rubies/ruby-1.9.3-p125/lib/ruby/1.9.1/webrick/server.rb:191:in `block in start_thread'


  Rendered /Users/caioincau/.rvm/gems/ruby-1.9.3-p125@global/gems/actionpack-3.2.3/lib/action_dispatch/middleware/templates/rescues/routing_error.erb within rescues/layout (0.8ms)


Started GET "/agenda" for 127.0.0.1 at 2012-05-17 14:57:30 -0300

ActionController::RoutingError (No route matches [GET] "/agenda"):
  actionpack (3.2.3) lib/action_dispatch/middleware/debug_exceptions.rb:21:in `call'
  actionpack (3.2.3) lib/action_dispatch/middleware/show_exceptions.rb:56:in `call'
  railties (3.2.3) lib/rails/rack/logger.rb:26:in `call_app'
  railties (3.2.3) lib/rails/rack/logger.rb:16:in `call'
  actionpack (3.2.3) lib/action_dispatch/middleware/request_id.rb:22:in `call'
  rack (1.4.1) lib/rack/methodoverride.rb:21:in `call'
  rack (1.4.1) lib/rack/runtime.rb:17:in `call'
  activesupport (3.2.3) lib/active_support/cache/strategy/local_cache.rb:72:in `call'
  rack (1.4.1) lib/rack/lock.rb:15:in `call'
  actionpack (3.2.3) lib/action_dispatch/middleware/static.rb:62:in `call'
  railties (3.2.3) lib/rails/engine.rb:479:in `call'
  railties (3.2.3) lib/rails/application.rb:220:in `call'
  rack (1.4.1) lib/rack/content_length.rb:14:in `call'
  railties (3.2.3) lib/rails/rack/log_tailer.rb:14:in `call'
  rack (1.4.1) lib/rack/handler/webrick.rb:59:in `service'
  /Users/caioincau/.rvm/rubies/ruby-1.9.3-p125/lib/ruby/1.9.1/webrick/httpserver.rb:138:in `service'
  /Users/caioincau/.rvm/rubies/ruby-1.9.3-p125/lib/ruby/1.9.1/webrick/httpserver.rb:94:in `run'
  /Users/caioincau/.rvm/rubies/ruby-1.9.3-p125/lib/ruby/1.9.1/webrick/server.rb:191:in `block in start_thread'


  Rendered /Users/caioincau/.rvm/gems/ruby-1.9.3-p125@global/gems/actionpack-3.2.3/lib/action_dispatch/middleware/templates/rescues/routing_error.erb within rescues/layout (0.9ms)


Started GET "/agenda/pessoas" for 127.0.0.1 at 2012-05-17 14:57:36 -0300

ActionController::RoutingError (No route matches [GET] "/agenda/pessoas"):
  actionpack (3.2.3) lib/action_dispatch/middleware/debug_exceptions.rb:21:in `call'
  actionpack (3.2.3) lib/action_dispatch/middleware/show_exceptions.rb:56:in `call'
  railties (3.2.3) lib/rails/rack/logger.rb:26:in `call_app'
  railties (3.2.3) lib/rails/rack/logger.rb:16:in `call'
  actionpack (3.2.3) lib/action_dispatch/middleware/request_id.rb:22:in `call'
  rack (1.4.1) lib/rack/methodoverride.rb:21:in `call'
  rack (1.4.1) lib/rack/runtime.rb:17:in `call'
  activesupport (3.2.3) lib/active_support/cache/strategy/local_cache.rb:72:in `call'
  rack (1.4.1) lib/rack/lock.rb:15:in `call'
  actionpack (3.2.3) lib/action_dispatch/middleware/static.rb:62:in `call'
  railties (3.2.3) lib/rails/engine.rb:479:in `call'
  railties (3.2.3) lib/rails/application.rb:220:in `call'
  rack (1.4.1) lib/rack/content_length.rb:14:in `call'
  railties (3.2.3) lib/rails/rack/log_tailer.rb:14:in `call'
  rack (1.4.1) lib/rack/handler/webrick.rb:59:in `service'
  /Users/caioincau/.rvm/rubies/ruby-1.9.3-p125/lib/ruby/1.9.1/webrick/httpserver.rb:138:in `service'
  /Users/caioincau/.rvm/rubies/ruby-1.9.3-p125/lib/ruby/1.9.1/webrick/httpserver.rb:94:in `run'
  /Users/caioincau/.rvm/rubies/ruby-1.9.3-p125/lib/ruby/1.9.1/webrick/server.rb:191:in `block in start_thread'


  Rendered /Users/caioincau/.rvm/gems/ruby-1.9.3-p125@global/gems/actionpack-3.2.3/lib/action_dispatch/middleware/templates/rescues/routing_error.erb within rescues/layout (0.6ms)


Started GET "/agenda/pessoas" for 127.0.0.1 at 2012-05-17 14:58:46 -0300

ActionController::RoutingError (No route matches [GET] "/agenda/pessoas"):
  actionpack (3.2.3) lib/action_dispatch/middleware/debug_exceptions.rb:21:in `call'
  actionpack (3.2.3) lib/action_dispatch/middleware/show_exceptions.rb:56:in `call'
  railties (3.2.3) lib/rails/rack/logger.rb:26:in `call_app'
  railties (3.2.3) lib/rails/rack/logger.rb:16:in `call'
  actionpack (3.2.3) lib/action_dispatch/middleware/request_id.rb:22:in `call'
  rack (1.4.1) lib/rack/methodoverride.rb:21:in `call'
  rack (1.4.1) lib/rack/runtime.rb:17:in `call'
  activesupport (3.2.3) lib/active_support/cache/strategy/local_cache.rb:72:in `call'
  rack (1.4.1) lib/rack/lock.rb:15:in `call'
  actionpack (3.2.3) lib/action_dispatch/middleware/static.rb:62:in `call'
  railties (3.2.3) lib/rails/engine.rb:479:in `call'
  railties (3.2.3) lib/rails/application.rb:220:in `call'
  rack (1.4.1) lib/rack/content_length.rb:14:in `call'
  railties (3.2.3) lib/rails/rack/log_tailer.rb:14:in `call'
  rack (1.4.1) lib/rack/handler/webrick.rb:59:in `service'
  /Users/caioincau/.rvm/rubies/ruby-1.9.3-p125/lib/ruby/1.9.1/webrick/httpserver.rb:138:in `service'
  /Users/caioincau/.rvm/rubies/ruby-1.9.3-p125/lib/ruby/1.9.1/webrick/httpserver.rb:94:in `run'
  /Users/caioincau/.rvm/rubies/ruby-1.9.3-p125/lib/ruby/1.9.1/webrick/server.rb:191:in `block in start_thread'


  Rendered /Users/caioincau/.rvm/gems/ruby-1.9.3-p125@global/gems/actionpack-3.2.3/lib/action_dispatch/middleware/templates/rescues/routing_error.erb within rescues/layout (0.7ms)


Started GET "/agenda/pessoas" for 127.0.0.1 at 2012-05-17 14:58:46 -0300

ActionController::RoutingError (No route matches [GET] "/agenda/pessoas"):
  actionpack (3.2.3) lib/action_dispatch/middleware/debug_exceptions.rb:21:in `call'
  actionpack (3.2.3) lib/action_dispatch/middleware/show_exceptions.rb:56:in `call'
  railties (3.2.3) lib/rails/rack/logger.rb:26:in `call_app'
  railties (3.2.3) lib/rails/rack/logger.rb:16:in `call'
  actionpack (3.2.3) lib/action_dispatch/middleware/request_id.rb:22:in `call'
  rack (1.4.1) lib/rack/methodoverride.rb:21:in `call'
  rack (1.4.1) lib/rack/runtime.rb:17:in `call'
  activesupport (3.2.3) lib/active_support/cache/strategy/local_cache.rb:72:in `call'
  rack (1.4.1) lib/rack/lock.rb:15:in `call'
  actionpack (3.2.3) lib/action_dispatch/middleware/static.rb:62:in `call'
  railties (3.2.3) lib/rails/engine.rb:479:in `call'
  railties (3.2.3) lib/rails/application.rb:220:in `call'
  rack (1.4.1) lib/rack/content_length.rb:14:in `call'
  railties (3.2.3) lib/rails/rack/log_tailer.rb:14:in `call'
  rack (1.4.1) lib/rack/handler/webrick.rb:59:in `service'
  /Users/caioincau/.rvm/rubies/ruby-1.9.3-p125/lib/ruby/1.9.1/webrick/httpserver.rb:138:in `service'
  /Users/caioincau/.rvm/rubies/ruby-1.9.3-p125/lib/ruby/1.9.1/webrick/httpserver.rb:94:in `run'
  /Users/caioincau/.rvm/rubies/ruby-1.9.3-p125/lib/ruby/1.9.1/webrick/server.rb:191:in `block in start_thread'


  Rendered /Users/caioincau/.rvm/gems/ruby-1.9.3-p125@global/gems/actionpack-3.2.3/lib/action_dispatch/middleware/templates/rescues/routing_error.erb within rescues/layout (0.6ms)


Started GET "/agenda/pessoas" for 127.0.0.1 at 2012-05-17 14:58:46 -0300

ActionController::RoutingError (No route matches [GET] "/agenda/pessoas"):
  actionpack (3.2.3) lib/action_dispatch/middleware/debug_exceptions.rb:21:in `call'
  actionpack (3.2.3) lib/action_dispatch/middleware/show_exceptions.rb:56:in `call'
  railties (3.2.3) lib/rails/rack/logger.rb:26:in `call_app'
  railties (3.2.3) lib/rails/rack/logger.rb:16:in `call'
  actionpack (3.2.3) lib/action_dispatch/middleware/request_id.rb:22:in `call'
  rack (1.4.1) lib/rack/methodoverride.rb:21:in `call'
  rack (1.4.1) lib/rack/runtime.rb:17:in `call'
  activesupport (3.2.3) lib/active_support/cache/strategy/local_cache.rb:72:in `call'
  rack (1.4.1) lib/rack/lock.rb:15:in `call'
  actionpack (3.2.3) lib/action_dispatch/middleware/static.rb:62:in `call'
  railties (3.2.3) lib/rails/engine.rb:479:in `call'
  railties (3.2.3) lib/rails/application.rb:220:in `call'
  rack (1.4.1) lib/rack/content_length.rb:14:in `call'
  railties (3.2.3) lib/rails/rack/log_tailer.rb:14:in `call'
  rack (1.4.1) lib/rack/handler/webrick.rb:59:in `service'
  /Users/caioincau/.rvm/rubies/ruby-1.9.3-p125/lib/ruby/1.9.1/webrick/httpserver.rb:138:in `service'
  /Users/caioincau/.rvm/rubies/ruby-1.9.3-p125/lib/ruby/1.9.1/webrick/httpserver.rb:94:in `run'
  /Users/caioincau/.rvm/rubies/ruby-1.9.3-p125/lib/ruby/1.9.1/webrick/server.rb:191:in `block in start_thread'


  Rendered /Users/caioincau/.rvm/gems/ruby-1.9.3-p125@global/gems/actionpack-3.2.3/lib/action_dispatch/middleware/templates/rescues/routing_error.erb within rescues/layout (0.5ms)


Started GET "/assets/rails.png" for 127.0.0.1 at 2012-05-17 14:58:53 -0300
Served asset /rails.png - 200 OK (7ms)


Started GET "/pessoas" for 127.0.0.1 at 2012-05-17 14:59:06 -0300

ActionController::RoutingError (No route matches [GET] "/pessoas"):
  actionpack (3.2.3) lib/action_dispatch/middleware/debug_exceptions.rb:21:in `call'
  actionpack (3.2.3) lib/action_dispatch/middleware/show_exceptions.rb:56:in `call'
  railties (3.2.3) lib/rails/rack/logger.rb:26:in `call_app'
  railties (3.2.3) lib/rails/rack/logger.rb:16:in `call'
  actionpack (3.2.3) lib/action_dispatch/middleware/request_id.rb:22:in `call'
  rack (1.4.1) lib/rack/methodoverride.rb:21:in `call'
  rack (1.4.1) lib/rack/runtime.rb:17:in `call'
  activesupport (3.2.3) lib/active_support/cache/strategy/local_cache.rb:72:in `call'
  rack (1.4.1) lib/rack/lock.rb:15:in `call'
  actionpack (3.2.3) lib/action_dispatch/middleware/static.rb:62:in `call'
  railties (3.2.3) lib/rails/engine.rb:479:in `call'
  railties (3.2.3) lib/rails/application.rb:220:in `call'
  rack (1.4.1) lib/rack/content_length.rb:14:in `call'
  railties (3.2.3) lib/rails/rack/log_tailer.rb:14:in `call'
  rack (1.4.1) lib/rack/handler/webrick.rb:59:in `service'
  /Users/caioincau/.rvm/rubies/ruby-1.9.3-p125/lib/ruby/1.9.1/webrick/httpserver.rb:138:in `service'
  /Users/caioincau/.rvm/rubies/ruby-1.9.3-p125/lib/ruby/1.9.1/webrick/httpserver.rb:94:in `run'
  /Users/caioincau/.rvm/rubies/ruby-1.9.3-p125/lib/ruby/1.9.1/webrick/server.rb:191:in `block in start_thread'


  Rendered /Users/caioincau/.rvm/gems/ruby-1.9.3-p125@global/gems/actionpack-3.2.3/lib/action_dispatch/middleware/templates/rescues/routing_error.erb within rescues/layout (0.7ms)


Started GET "/pessoas" for 127.0.0.1 at 2012-05-17 15:00:47 -0300

ActionController::RoutingError (No route matches [GET] "/pessoas"):
  actionpack (3.2.3) lib/action_dispatch/middleware/debug_exceptions.rb:21:in `call'
  actionpack (3.2.3) lib/action_dispatch/middleware/show_exceptions.rb:56:in `call'
  railties (3.2.3) lib/rails/rack/logger.rb:26:in `call_app'
  railties (3.2.3) lib/rails/rack/logger.rb:16:in `call'
  actionpack (3.2.3) lib/action_dispatch/middleware/request_id.rb:22:in `call'
  rack (1.4.1) lib/rack/methodoverride.rb:21:in `call'
  rack (1.4.1) lib/rack/runtime.rb:17:in `call'
  activesupport (3.2.3) lib/active_support/cache/strategy/local_cache.rb:72:in `call'
  rack (1.4.1) lib/rack/lock.rb:15:in `call'
  actionpack (3.2.3) lib/action_dispatch/middleware/static.rb:62:in `call'
  railties (3.2.3) lib/rails/engine.rb:479:in `call'
  railties (3.2.3) lib/rails/application.rb:220:in `call'
  rack (1.4.1) lib/rack/content_length.rb:14:in `call'
  railties (3.2.3) lib/rails/rack/log_tailer.rb:14:in `call'
  rack (1.4.1) lib/rack/handler/webrick.rb:59:in `service'
  /Users/caioincau/.rvm/rubies/ruby-1.9.3-p125/lib/ruby/1.9.1/webrick/httpserver.rb:138:in `service'
  /Users/caioincau/.rvm/rubies/ruby-1.9.3-p125/lib/ruby/1.9.1/webrick/httpserver.rb:94:in `run'
  /Users/caioincau/.rvm/rubies/ruby-1.9.3-p125/lib/ruby/1.9.1/webrick/server.rb:191:in `block in start_thread'


  Rendered /Users/caioincau/.rvm/gems/ruby-1.9.3-p125@global/gems/actionpack-3.2.3/lib/action_dispatch/middleware/templates/rescues/routing_error.erb within rescues/layout (0.6ms)


Started GET "/pessoas" for 127.0.0.1 at 2012-05-17 15:00:47 -0300

ActionController::RoutingError (No route matches [GET] "/pessoas"):
  actionpack (3.2.3) lib/action_dispatch/middleware/debug_exceptions.rb:21:in `call'
  actionpack (3.2.3) lib/action_dispatch/middleware/show_exceptions.rb:56:in `call'
  railties (3.2.3) lib/rails/rack/logger.rb:26:in `call_app'
  railties (3.2.3) lib/rails/rack/logger.rb:16:in `call'
  actionpack (3.2.3) lib/action_dispatch/middleware/request_id.rb:22:in `call'
  rack (1.4.1) lib/rack/methodoverride.rb:21:in `call'
  rack (1.4.1) lib/rack/runtime.rb:17:in `call'
  activesupport (3.2.3) lib/active_support/cache/strategy/local_cache.rb:72:in `call'
  rack (1.4.1) lib/rack/lock.rb:15:in `call'
  actionpack (3.2.3) lib/action_dispatch/middleware/static.rb:62:in `call'
  railties (3.2.3) lib/rails/engine.rb:479:in `call'
  railties (3.2.3) lib/rails/application.rb:220:in `call'
  rack (1.4.1) lib/rack/content_length.rb:14:in `call'
  railties (3.2.3) lib/rails/rack/log_tailer.rb:14:in `call'
  rack (1.4.1) lib/rack/handler/webrick.rb:59:in `service'
  /Users/caioincau/.rvm/rubies/ruby-1.9.3-p125/lib/ruby/1.9.1/webrick/httpserver.rb:138:in `service'
  /Users/caioincau/.rvm/rubies/ruby-1.9.3-p125/lib/ruby/1.9.1/webrick/httpserver.rb:94:in `run'
  /Users/caioincau/.rvm/rubies/ruby-1.9.3-p125/lib/ruby/1.9.1/webrick/server.rb:191:in `block in start_thread'


  Rendered /Users/caioincau/.rvm/gems/ruby-1.9.3-p125@global/gems/actionpack-3.2.3/lib/action_dispatch/middleware/templates/rescues/routing_error.erb within rescues/layout (0.6ms)


Started GET "/pessoas" for 127.0.0.1 at 2012-05-17 15:00:47 -0300

ActionController::RoutingError (No route matches [GET] "/pessoas"):
  actionpack (3.2.3) lib/action_dispatch/middleware/debug_exceptions.rb:21:in `call'
  actionpack (3.2.3) lib/action_dispatch/middleware/show_exceptions.rb:56:in `call'
  railties (3.2.3) lib/rails/rack/logger.rb:26:in `call_app'
  railties (3.2.3) lib/rails/rack/logger.rb:16:in `call'
  actionpack (3.2.3) lib/action_dispatch/middleware/request_id.rb:22:in `call'
  rack (1.4.1) lib/rack/methodoverride.rb:21:in `call'
  rack (1.4.1) lib/rack/runtime.rb:17:in `call'
  activesupport (3.2.3) lib/active_support/cache/strategy/local_cache.rb:72:in `call'
  rack (1.4.1) lib/rack/lock.rb:15:in `call'
  actionpack (3.2.3) lib/action_dispatch/middleware/static.rb:62:in `call'
  railties (3.2.3) lib/rails/engine.rb:479:in `call'
  railties (3.2.3) lib/rails/application.rb:220:in `call'
  rack (1.4.1) lib/rack/content_length.rb:14:in `call'
  railties (3.2.3) lib/rails/rack/log_tailer.rb:14:in `call'
  rack (1.4.1) lib/rack/handler/webrick.rb:59:in `service'
  /Users/caioincau/.rvm/rubies/ruby-1.9.3-p125/lib/ruby/1.9.1/webrick/httpserver.rb:138:in `service'
  /Users/caioincau/.rvm/rubies/ruby-1.9.3-p125/lib/ruby/1.9.1/webrick/httpserver.rb:94:in `run'
  /Users/caioincau/.rvm/rubies/ruby-1.9.3-p125/lib/ruby/1.9.1/webrick/server.rb:191:in `block in start_thread'


  Rendered /Users/caioincau/.rvm/gems/ruby-1.9.3-p125@global/gems/actionpack-3.2.3/lib/action_dispatch/middleware/templates/rescues/routing_error.erb within rescues/layout (0.5ms)


Started GET "/pessoas" for 127.0.0.1 at 2012-05-17 15:00:47 -0300

ActionController::RoutingError (No route matches [GET] "/pessoas"):
  actionpack (3.2.3) lib/action_dispatch/middleware/debug_exceptions.rb:21:in `call'
  actionpack (3.2.3) lib/action_dispatch/middleware/show_exceptions.rb:56:in `call'
  railties (3.2.3) lib/rails/rack/logger.rb:26:in `call_app'
  railties (3.2.3) lib/rails/rack/logger.rb:16:in `call'
  actionpack (3.2.3) lib/action_dispatch/middleware/request_id.rb:22:in `call'
  rack (1.4.1) lib/rack/methodoverride.rb:21:in `call'
  rack (1.4.1) lib/rack/runtime.rb:17:in `call'
  activesupport (3.2.3) lib/active_support/cache/strategy/local_cache.rb:72:in `call'
  rack (1.4.1) lib/rack/lock.rb:15:in `call'
  actionpack (3.2.3) lib/action_dispatch/middleware/static.rb:62:in `call'
  railties (3.2.3) lib/rails/engine.rb:479:in `call'
  railties (3.2.3) lib/rails/application.rb:220:in `call'
  rack (1.4.1) lib/rack/content_length.rb:14:in `call'
  railties (3.2.3) lib/rails/rack/log_tailer.rb:14:in `call'
  rack (1.4.1) lib/rack/handler/webrick.rb:59:in `service'
  /Users/caioincau/.rvm/rubies/ruby-1.9.3-p125/lib/ruby/1.9.1/webrick/httpserver.rb:138:in `service'
  /Users/caioincau/.rvm/rubies/ruby-1.9.3-p125/lib/ruby/1.9.1/webrick/httpserver.rb:94:in `run'
  /Users/caioincau/.rvm/rubies/ruby-1.9.3-p125/lib/ruby/1.9.1/webrick/server.rb:191:in `block in start_thread'


  Rendered /Users/caioincau/.rvm/gems/ruby-1.9.3-p125@global/gems/actionpack-3.2.3/lib/action_dispatch/middleware/templates/rescues/routing_error.erb within rescues/layout (0.5ms)


Started GET "/pessoas" for 127.0.0.1 at 2012-05-17 15:00:48 -0300

ActionController::RoutingError (No route matches [GET] "/pessoas"):
  actionpack (3.2.3) lib/action_dispatch/middleware/debug_exceptions.rb:21:in `call'
  actionpack (3.2.3) lib/action_dispatch/middleware/show_exceptions.rb:56:in `call'
  railties (3.2.3) lib/rails/rack/logger.rb:26:in `call_app'
  railties (3.2.3) lib/rails/rack/logger.rb:16:in `call'
  actionpack (3.2.3) lib/action_dispatch/middleware/request_id.rb:22:in `call'
  rack (1.4.1) lib/rack/methodoverride.rb:21:in `call'
  rack (1.4.1) lib/rack/runtime.rb:17:in `call'
  activesupport (3.2.3) lib/active_support/cache/strategy/local_cache.rb:72:in `call'
  rack (1.4.1) lib/rack/lock.rb:15:in `call'
  actionpack (3.2.3) lib/action_dispatch/middleware/static.rb:62:in `call'
  railties (3.2.3) lib/rails/engine.rb:479:in `call'
  railties (3.2.3) lib/rails/application.rb:220:in `call'
  rack (1.4.1) lib/rack/content_length.rb:14:in `call'
  railties (3.2.3) lib/rails/rack/log_tailer.rb:14:in `call'
  rack (1.4.1) lib/rack/handler/webrick.rb:59:in `service'
  /Users/caioincau/.rvm/rubies/ruby-1.9.3-p125/lib/ruby/1.9.1/webrick/httpserver.rb:138:in `service'
  /Users/caioincau/.rvm/rubies/ruby-1.9.3-p125/lib/ruby/1.9.1/webrick/httpserver.rb:94:in `run'
  /Users/caioincau/.rvm/rubies/ruby-1.9.3-p125/lib/ruby/1.9.1/webrick/server.rb:191:in `block in start_thread'


  Rendered /Users/caioincau/.rvm/gems/ruby-1.9.3-p125@global/gems/actionpack-3.2.3/lib/action_dispatch/middleware/templates/rescues/routing_error.erb within rescues/layout (0.9ms)


Started GET "/pessoas" for 127.0.0.1 at 2012-05-17 15:00:48 -0300

ActionController::RoutingError (No route matches [GET] "/pessoas"):
  actionpack (3.2.3) lib/action_dispatch/middleware/debug_exceptions.rb:21:in `call'
  actionpack (3.2.3) lib/action_dispatch/middleware/show_exceptions.rb:56:in `call'
  railties (3.2.3) lib/rails/rack/logger.rb:26:in `call_app'
  railties (3.2.3) lib/rails/rack/logger.rb:16:in `call'
  actionpack (3.2.3) lib/action_dispatch/middleware/request_id.rb:22:in `call'
  rack (1.4.1) lib/rack/methodoverride.rb:21:in `call'
  rack (1.4.1) lib/rack/runtime.rb:17:in `call'
  activesupport (3.2.3) lib/active_support/cache/strategy/local_cache.rb:72:in `call'
  rack (1.4.1) lib/rack/lock.rb:15:in `call'
  actionpack (3.2.3) lib/action_dispatch/middleware/static.rb:62:in `call'
  railties (3.2.3) lib/rails/engine.rb:479:in `call'
  railties (3.2.3) lib/rails/application.rb:220:in `call'
  rack (1.4.1) lib/rack/content_length.rb:14:in `call'
  railties (3.2.3) lib/rails/rack/log_tailer.rb:14:in `call'
  rack (1.4.1) lib/rack/handler/webrick.rb:59:in `service'
  /Users/caioincau/.rvm/rubies/ruby-1.9.3-p125/lib/ruby/1.9.1/webrick/httpserver.rb:138:in `service'
  /Users/caioincau/.rvm/rubies/ruby-1.9.3-p125/lib/ruby/1.9.1/webrick/httpserver.rb:94:in `run'
  /Users/caioincau/.rvm/rubies/ruby-1.9.3-p125/lib/ruby/1.9.1/webrick/server.rb:191:in `block in start_thread'


  Rendered /Users/caioincau/.rvm/gems/ruby-1.9.3-p125@global/gems/actionpack-3.2.3/lib/action_dispatch/middleware/templates/rescues/routing_error.erb within rescues/layout (0.9ms)


Started GET "/pessoas" for 127.0.0.1 at 2012-05-17 15:00:48 -0300

ActionController::RoutingError (No route matches [GET] "/pessoas"):
  actionpack (3.2.3) lib/action_dispatch/middleware/debug_exceptions.rb:21:in `call'
  actionpack (3.2.3) lib/action_dispatch/middleware/show_exceptions.rb:56:in `call'
  railties (3.2.3) lib/rails/rack/logger.rb:26:in `call_app'
  railties (3.2.3) lib/rails/rack/logger.rb:16:in `call'
  actionpack (3.2.3) lib/action_dispatch/middleware/request_id.rb:22:in `call'
  rack (1.4.1) lib/rack/methodoverride.rb:21:in `call'
  rack (1.4.1) lib/rack/runtime.rb:17:in `call'
  activesupport (3.2.3) lib/active_support/cache/strategy/local_cache.rb:72:in `call'
  rack (1.4.1) lib/rack/lock.rb:15:in `call'
  actionpack (3.2.3) lib/action_dispatch/middleware/static.rb:62:in `call'
  railties (3.2.3) lib/rails/engine.rb:479:in `call'
  railties (3.2.3) lib/rails/application.rb:220:in `call'
  rack (1.4.1) lib/rack/content_length.rb:14:in `call'
  railties (3.2.3) lib/rails/rack/log_tailer.rb:14:in `call'
  rack (1.4.1) lib/rack/handler/webrick.rb:59:in `service'
  /Users/caioincau/.rvm/rubies/ruby-1.9.3-p125/lib/ruby/1.9.1/webrick/httpserver.rb:138:in `service'
  /Users/caioincau/.rvm/rubies/ruby-1.9.3-p125/lib/ruby/1.9.1/webrick/httpserver.rb:94:in `run'
  /Users/caioincau/.rvm/rubies/ruby-1.9.3-p125/lib/ruby/1.9.1/webrick/server.rb:191:in `block in start_thread'


  Rendered /Users/caioincau/.rvm/gems/ruby-1.9.3-p125@global/gems/actionpack-3.2.3/lib/action_dispatch/middleware/templates/rescues/routing_error.erb within rescues/layout (0.5ms)


Started GET "/pessoas" for 127.0.0.1 at 2012-05-17 15:00:49 -0300

ActionController::RoutingError (No route matches [GET] "/pessoas"):
  actionpack (3.2.3) lib/action_dispatch/middleware/debug_exceptions.rb:21:in `call'
  actionpack (3.2.3) lib/action_dispatch/middleware/show_exceptions.rb:56:in `call'
  railties (3.2.3) lib/rails/rack/logger.rb:26:in `call_app'
  railties (3.2.3) lib/rails/rack/logger.rb:16:in `call'
  actionpack (3.2.3) lib/action_dispatch/middleware/request_id.rb:22:in `call'
  rack (1.4.1) lib/rack/methodoverride.rb:21:in `call'
  rack (1.4.1) lib/rack/runtime.rb:17:in `call'
  activesupport (3.2.3) lib/active_support/cache/strategy/local_cache.rb:72:in `call'
  rack (1.4.1) lib/rack/lock.rb:15:in `call'
  actionpack (3.2.3) lib/action_dispatch/middleware/static.rb:62:in `call'
  railties (3.2.3) lib/rails/engine.rb:479:in `call'
  railties (3.2.3) lib/rails/application.rb:220:in `call'
  rack (1.4.1) lib/rack/content_length.rb:14:in `call'
  railties (3.2.3) lib/rails/rack/log_tailer.rb:14:in `call'
  rack (1.4.1) lib/rack/handler/webrick.rb:59:in `service'
  /Users/caioincau/.rvm/rubies/ruby-1.9.3-p125/lib/ruby/1.9.1/webrick/httpserver.rb:138:in `service'
  /Users/caioincau/.rvm/rubies/ruby-1.9.3-p125/lib/ruby/1.9.1/webrick/httpserver.rb:94:in `run'
  /Users/caioincau/.rvm/rubies/ruby-1.9.3-p125/lib/ruby/1.9.1/webrick/server.rb:191:in `block in start_thread'


  Rendered /Users/caioincau/.rvm/gems/ruby-1.9.3-p125@global/gems/actionpack-3.2.3/lib/action_dispatch/middleware/templates/rescues/routing_error.erb within rescues/layout (0.5ms)


Started GET "/pessoas/1" for 127.0.0.1 at 2012-05-17 15:00:53 -0300

ActionController::RoutingError (No route matches [GET] "/pessoas/1"):
  actionpack (3.2.3) lib/action_dispatch/middleware/debug_exceptions.rb:21:in `call'
  actionpack (3.2.3) lib/action_dispatch/middleware/show_exceptions.rb:56:in `call'
  railties (3.2.3) lib/rails/rack/logger.rb:26:in `call_app'
  railties (3.2.3) lib/rails/rack/logger.rb:16:in `call'
  actionpack (3.2.3) lib/action_dispatch/middleware/request_id.rb:22:in `call'
  rack (1.4.1) lib/rack/methodoverride.rb:21:in `call'
  rack (1.4.1) lib/rack/runtime.rb:17:in `call'
  activesupport (3.2.3) lib/active_support/cache/strategy/local_cache.rb:72:in `call'
  rack (1.4.1) lib/rack/lock.rb:15:in `call'
  actionpack (3.2.3) lib/action_dispatch/middleware/static.rb:62:in `call'
  railties (3.2.3) lib/rails/engine.rb:479:in `call'
  railties (3.2.3) lib/rails/application.rb:220:in `call'
  rack (1.4.1) lib/rack/content_length.rb:14:in `call'
  railties (3.2.3) lib/rails/rack/log_tailer.rb:14:in `call'
  rack (1.4.1) lib/rack/handler/webrick.rb:59:in `service'
  /Users/caioincau/.rvm/rubies/ruby-1.9.3-p125/lib/ruby/1.9.1/webrick/httpserver.rb:138:in `service'
  /Users/caioincau/.rvm/rubies/ruby-1.9.3-p125/lib/ruby/1.9.1/webrick/httpserver.rb:94:in `run'
  /Users/caioincau/.rvm/rubies/ruby-1.9.3-p125/lib/ruby/1.9.1/webrick/server.rb:191:in `block in start_thread'


  Rendered /Users/caioincau/.rvm/gems/ruby-1.9.3-p125@global/gems/actionpack-3.2.3/lib/action_dispatch/middleware/templates/rescues/routing_error.erb within rescues/layout (0.9ms)


Started GET "/pessoas/" for 127.0.0.1 at 2012-05-17 15:01:17 -0300

ActionController::RoutingError (No route matches [GET] "/pessoas"):
  actionpack (3.2.3) lib/action_dispatch/middleware/debug_exceptions.rb:21:in `call'
  actionpack (3.2.3) lib/action_dispatch/middleware/show_exceptions.rb:56:in `call'
  railties (3.2.3) lib/rails/rack/logger.rb:26:in `call_app'
  railties (3.2.3) lib/rails/rack/logger.rb:16:in `call'
  actionpack (3.2.3) lib/action_dispatch/middleware/request_id.rb:22:in `call'
  rack (1.4.1) lib/rack/methodoverride.rb:21:in `call'
  rack (1.4.1) lib/rack/runtime.rb:17:in `call'
  activesupport (3.2.3) lib/active_support/cache/strategy/local_cache.rb:72:in `call'
  rack (1.4.1) lib/rack/lock.rb:15:in `call'
  actionpack (3.2.3) lib/action_dispatch/middleware/static.rb:62:in `call'
  railties (3.2.3) lib/rails/engine.rb:479:in `call'
  railties (3.2.3) lib/rails/application.rb:220:in `call'
  rack (1.4.1) lib/rack/content_length.rb:14:in `call'
  railties (3.2.3) lib/rails/rack/log_tailer.rb:14:in `call'
  rack (1.4.1) lib/rack/handler/webrick.rb:59:in `service'
  /Users/caioincau/.rvm/rubies/ruby-1.9.3-p125/lib/ruby/1.9.1/webrick/httpserver.rb:138:in `service'
  /Users/caioincau/.rvm/rubies/ruby-1.9.3-p125/lib/ruby/1.9.1/webrick/httpserver.rb:94:in `run'
  /Users/caioincau/.rvm/rubies/ruby-1.9.3-p125/lib/ruby/1.9.1/webrick/server.rb:191:in `block in start_thread'


  Rendered /Users/caioincau/.rvm/gems/ruby-1.9.3-p125@global/gems/actionpack-3.2.3/lib/action_dispatch/middleware/templates/rescues/routing_error.erb within rescues/layout (1.1ms)


Started GET "/assets/rails.png" for 127.0.0.1 at 2012-05-18 08:59:24 -0300
Served asset /rails.png - 304 Not Modified (37ms)


Started GET "/inici" for 127.0.0.1 at 2012-05-18 08:59:30 -0300

ActionController::RoutingError (No route matches [GET] "/inici"):
  actionpack (3.2.3) lib/action_dispatch/middleware/debug_exceptions.rb:21:in `call'
  actionpack (3.2.3) lib/action_dispatch/middleware/show_exceptions.rb:56:in `call'
  railties (3.2.3) lib/rails/rack/logger.rb:26:in `call_app'
  railties (3.2.3) lib/rails/rack/logger.rb:16:in `call'
  actionpack (3.2.3) lib/action_dispatch/middleware/request_id.rb:22:in `call'
  rack (1.4.1) lib/rack/methodoverride.rb:21:in `call'
  rack (1.4.1) lib/rack/runtime.rb:17:in `call'
  activesupport (3.2.3) lib/active_support/cache/strategy/local_cache.rb:72:in `call'
  rack (1.4.1) lib/rack/lock.rb:15:in `call'
  actionpack (3.2.3) lib/action_dispatch/middleware/static.rb:62:in `call'
  railties (3.2.3) lib/rails/engine.rb:479:in `call'
  railties (3.2.3) lib/rails/application.rb:220:in `call'
  rack (1.4.1) lib/rack/content_length.rb:14:in `call'
  railties (3.2.3) lib/rails/rack/log_tailer.rb:14:in `call'
  rack (1.4.1) lib/rack/handler/webrick.rb:59:in `service'
  /Users/caioincau/.rvm/rubies/ruby-1.9.3-p125/lib/ruby/1.9.1/webrick/httpserver.rb:138:in `service'
  /Users/caioincau/.rvm/rubies/ruby-1.9.3-p125/lib/ruby/1.9.1/webrick/httpserver.rb:94:in `run'
  /Users/caioincau/.rvm/rubies/ruby-1.9.3-p125/lib/ruby/1.9.1/webrick/server.rb:191:in `block in start_thread'


  Rendered /Users/caioincau/.rvm/gems/ruby-1.9.3-p125@global/gems/actionpack-3.2.3/lib/action_dispatch/middleware/templates/rescues/routing_error.erb within rescues/layout (4.5ms)


Started GET "/inicio" for 127.0.0.1 at 2012-05-18 08:59:32 -0300

LoadError (cannot load such file -- nokogiri):
  app/controllers/restaurantes_controller.rb:2:in `<top (required)>'


  Rendered /Users/caioincau/.rvm/gems/ruby-1.9.3-p125@global/gems/actionpack-3.2.3/lib/action_dispatch/middleware/templates/rescues/_trace.erb (3.8ms)
  Rendered /Users/caioincau/.rvm/gems/ruby-1.9.3-p125@global/gems/actionpack-3.2.3/lib/action_dispatch/middleware/templates/rescues/_request_and_response.erb (34.3ms)
  Rendered /Users/caioincau/.rvm/gems/ruby-1.9.3-p125@global/gems/actionpack-3.2.3/lib/action_dispatch/middleware/templates/rescues/diagnostics.erb within rescues/layout (52.6ms)


Started GET "/inicio" for 127.0.0.1 at 2012-05-18 09:00:26 -0300

LoadError (cannot load such file -- nokogiri):
  app/controllers/restaurantes_controller.rb:2:in `<top (required)>'


  Rendered /Users/caioincau/.rvm/gems/ruby-1.9.3-p125@global/gems/actionpack-3.2.3/lib/action_dispatch/middleware/templates/rescues/_trace.erb (3.8ms)
  Rendered /Users/caioincau/.rvm/gems/ruby-1.9.3-p125@global/gems/actionpack-3.2.3/lib/action_dispatch/middleware/templates/rescues/_request_and_response.erb (0.9ms)
  Rendered /Users/caioincau/.rvm/gems/ruby-1.9.3-p125@global/gems/actionpack-3.2.3/lib/action_dispatch/middleware/templates/rescues/diagnostics.erb within rescues/layout (12.9ms)


Started GET "/inicio" for 127.0.0.1 at 2012-05-18 09:00:44 -0300

LoadError (cannot load such file -- nokogiri):
  app/controllers/restaurantes_controller.rb:2:in `<top (required)>'


  Rendered /Users/caioincau/.rvm/gems/ruby-1.9.3-p125@global/gems/actionpack-3.2.3/lib/action_dispatch/middleware/templates/rescues/_trace.erb (2.1ms)
  Rendered /Users/caioincau/.rvm/gems/ruby-1.9.3-p125@global/gems/actionpack-3.2.3/lib/action_dispatch/middleware/templates/rescues/_request_and_response.erb (1.9ms)
  Rendered /Users/caioincau/.rvm/gems/ruby-1.9.3-p125@global/gems/actionpack-3.2.3/lib/action_dispatch/middleware/templates/rescues/diagnostics.erb within rescues/layout (10.9ms)


Started GET "/inicio" for 127.0.0.1 at 2012-05-18 09:00:59 -0300
Processing by RestaurantesController#index as HTML
Completed 500 Internal Server Error in 0ms

NoMethodError (undefined method `all' for nil:NilClass):
  app/controllers/restaurantes_controller.rb:7:in `index'


  Rendered /Users/caioincau/.rvm/gems/ruby-1.9.3-p125@global/gems/actionpack-3.2.3/lib/action_dispatch/middleware/templates/rescues/_trace.erb (2.2ms)
  Rendered /Users/caioincau/.rvm/gems/ruby-1.9.3-p125@global/gems/actionpack-3.2.3/lib/action_dispatch/middleware/templates/rescues/_request_and_response.erb (0.8ms)
  Rendered /Users/caioincau/.rvm/gems/ruby-1.9.3-p125@global/gems/actionpack-3.2.3/lib/action_dispatch/middleware/templates/rescues/diagnostics.erb within rescues/layout (8.6ms)


Started GET "/inicio" for 127.0.0.1 at 2012-05-18 09:01:00 -0300
Processing by RestaurantesController#index as HTML
Completed 500 Internal Server Error in 0ms

NoMethodError (undefined method `all' for nil:NilClass):
  app/controllers/restaurantes_controller.rb:7:in `index'


  Rendered /Users/caioincau/.rvm/gems/ruby-1.9.3-p125@global/gems/actionpack-3.2.3/lib/action_dispatch/middleware/templates/rescues/_trace.erb (2.3ms)
  Rendered /Users/caioincau/.rvm/gems/ruby-1.9.3-p125@global/gems/actionpack-3.2.3/lib/action_dispatch/middleware/templates/rescues/_request_and_response.erb (0.9ms)
  Rendered /Users/caioincau/.rvm/gems/ruby-1.9.3-p125@global/gems/actionpack-3.2.3/lib/action_dispatch/middleware/templates/rescues/diagnostics.erb within rescues/layout (8.8ms)


Started GET "/inicio" for 127.0.0.1 at 2012-05-18 09:02:07 -0300
Processing by RestaurantesController#index as HTML
Completed 500 Internal Server Error in 0ms

NoMethodError (undefined method `order' for nil:NilClass):
  app/controllers/restaurantes_controller.rb:7:in `index'


  Rendered /Users/caioincau/.rvm/gems/ruby-1.9.3-p125@global/gems/actionpack-3.2.3/lib/action_dispatch/middleware/templates/rescues/_trace.erb (2.2ms)
  Rendered /Users/caioincau/.rvm/gems/ruby-1.9.3-p125@global/gems/actionpack-3.2.3/lib/action_dispatch/middleware/templates/rescues/_request_and_response.erb (0.8ms)
  Rendered /Users/caioincau/.rvm/gems/ruby-1.9.3-p125@global/gems/actionpack-3.2.3/lib/action_dispatch/middleware/templates/rescues/diagnostics.erb within rescues/layout (9.4ms)


Started GET "/inicio" for 127.0.0.1 at 2012-05-18 09:02:37 -0300
Processing by RestaurantesController#index as HTML
  [1m[36mRestaurante Load (0.7ms)[0m  [1mSELECT `restaurantes`.* FROM `restaurantes` ORDER BY nome[0m
  Rendered restaurantes/index.html.erb within layouts/application (92.7ms)
Completed 500 Internal Server Error in 171ms

ActionView::Template::Error (undefined local variable or method `’Mostrar’' for #<#<Class:0x007fb28e32fe40>:0x007fb28ba54368>):
    9:           <td><%= restaurante.nome %></td>
    10:           <td><%= restaurante.endereco %></td>
    11:           <td><%= restaurante.especialidade %></td>
    12:           <td><%= link_to ’Mostrar’, { :action => ’show’, :id => restaurante } %></td>
    13:           <td><%= link_to ’Editar’, { :action => ’edit’, :id => restaurante } %></td>
    14:        <td><%= link_to ’Deletar’, { :action => ’destroy’, :id => restaurante } %></td>
    15:      </tr>
  app/views/restaurantes/index.html.erb:12:in `block in _app_views_restaurantes_index_html_erb__115583763231705504_70202414076120'
  app/views/restaurantes/index.html.erb:7:in `_app_views_restaurantes_index_html_erb__115583763231705504_70202414076120'


  Rendered /Users/caioincau/.rvm/gems/ruby-1.9.3-p125@global/gems/actionpack-3.2.3/lib/action_dispatch/middleware/templates/rescues/_trace.erb (4.3ms)
  Rendered /Users/caioincau/.rvm/gems/ruby-1.9.3-p125@global/gems/actionpack-3.2.3/lib/action_dispatch/middleware/templates/rescues/_request_and_response.erb (0.8ms)
  Rendered /Users/caioincau/.rvm/gems/ruby-1.9.3-p125@global/gems/actionpack-3.2.3/lib/action_dispatch/middleware/templates/rescues/template_error.erb within rescues/layout (13.3ms)


Started GET "/inicio" for 127.0.0.1 at 2012-05-18 09:03:43 -0300
Processing by RestaurantesController#index as HTML
  [1m[36mRestaurante Load (0.3ms)[0m  [1mSELECT `restaurantes`.* FROM `restaurantes` ORDER BY nome[0m
  Rendered restaurantes/index.html.erb within layouts/application (20.8ms)
Completed 500 Internal Server Error in 55ms

ActionView::Template::Error (undefined local variable or method `’show’' for #<#<Class:0x007fcb775eea30>:0x007fcb773beb70>):
    9:           <td><%= restaurante.nome %></td>
    10:           <td><%= restaurante.endereco %></td>
    11:           <td><%= restaurante.especialidade %></td>
    12:           <td><%= link_to 'Mostrar', { :action => ’show’, :id => restaurante } %></td>
    13:           <td><%= link_to 'Editar', { :action => ’edit’, :id => restaurante } %></td>
    14:        <td><%= link_to 'Deletar', { :action => ’destroy’, :id => restaurante } %></td>
    15:      </tr>
  app/views/restaurantes/index.html.erb:12:in `block in _app_views_restaurantes_index_html_erb___2256422471283502948_70255918935820'
  app/views/restaurantes/index.html.erb:7:in `_app_views_restaurantes_index_html_erb___2256422471283502948_70255918935820'


  Rendered /Users/caioincau/.rvm/gems/ruby-1.9.3-p125@global/gems/actionpack-3.2.3/lib/action_dispatch/middleware/templates/rescues/_trace.erb (2.9ms)
  Rendered /Users/caioincau/.rvm/gems/ruby-1.9.3-p125@global/gems/actionpack-3.2.3/lib/action_dispatch/middleware/templates/rescues/_request_and_response.erb (0.8ms)
  Rendered /Users/caioincau/.rvm/gems/ruby-1.9.3-p125@global/gems/actionpack-3.2.3/lib/action_dispatch/middleware/templates/rescues/template_error.erb within rescues/layout (8.9ms)


Started GET "/inicio" for 127.0.0.1 at 2012-05-18 09:03:45 -0300
Processing by RestaurantesController#index as HTML
  [1m[35mRestaurante Load (0.4ms)[0m  SELECT `restaurantes`.* FROM `restaurantes` ORDER BY nome
  Rendered restaurantes/index.html.erb within layouts/application (9.3ms)
Completed 500 Internal Server Error in 11ms

ActionView::Template::Error (undefined local variable or method `’show’' for #<#<Class:0x007fcb775eea30>:0x007fcb73d42330>):
    9:           <td><%= restaurante.nome %></td>
    10:           <td><%= restaurante.endereco %></td>
    11:           <td><%= restaurante.especialidade %></td>
    12:           <td><%= link_to 'Mostrar', { :action => ’show’, :id => restaurante } %></td>
    13:           <td><%= link_to 'Editar', { :action => ’edit’, :id => restaurante } %></td>
    14:        <td><%= link_to 'Deletar', { :action => ’destroy’, :id => restaurante } %></td>
    15:      </tr>
  app/views/restaurantes/index.html.erb:12:in `block in _app_views_restaurantes_index_html_erb___2256422471283502948_70255918935820'
  app/views/restaurantes/index.html.erb:7:in `_app_views_restaurantes_index_html_erb___2256422471283502948_70255918935820'


  Rendered /Users/caioincau/.rvm/gems/ruby-1.9.3-p125@global/gems/actionpack-3.2.3/lib/action_dispatch/middleware/templates/rescues/_trace.erb (2.9ms)
  Rendered /Users/caioincau/.rvm/gems/ruby-1.9.3-p125@global/gems/actionpack-3.2.3/lib/action_dispatch/middleware/templates/rescues/_request_and_response.erb (0.8ms)
  Rendered /Users/caioincau/.rvm/gems/ruby-1.9.3-p125@global/gems/actionpack-3.2.3/lib/action_dispatch/middleware/templates/rescues/template_error.erb within rescues/layout (9.9ms)


Started GET "/inicio" for 127.0.0.1 at 2012-05-18 09:05:11 -0300
Processing by RestaurantesController#index as HTML
  [1m[36mRestaurante Load (0.2ms)[0m  [1mSELECT `restaurantes`.* FROM `restaurantes` ORDER BY nome[0m
  Rendered restaurantes/index.html.erb within layouts/application (22.8ms)
Completed 500 Internal Server Error in 58ms

ActionView::Template::Error (undefined local variable or method `’new’' for #<#<Class:0x007fa21af659a0>:0x007fa21d3f6af8>):
    16: <% end %>
    17:    </table>
    18:    <br/>
    19:    <%= link_to 'Novo', { :action => ’new’ } %>
  app/views/restaurantes/index.html.erb:19:in `_app_views_restaurantes_index_html_erb__1220746546756145165_70167126915000'


  Rendered /Users/caioincau/.rvm/gems/ruby-1.9.3-p125@global/gems/actionpack-3.2.3/lib/action_dispatch/middleware/templates/rescues/_trace.erb (18.0ms)
  Rendered /Users/caioincau/.rvm/gems/ruby-1.9.3-p125@global/gems/actionpack-3.2.3/lib/action_dispatch/middleware/templates/rescues/_request_and_response.erb (0.9ms)
  Rendered /Users/caioincau/.rvm/gems/ruby-1.9.3-p125@global/gems/actionpack-3.2.3/lib/action_dispatch/middleware/templates/rescues/template_error.erb within rescues/layout (24.1ms)


Started GET "/inicio" for 127.0.0.1 at 2012-05-18 09:05:12 -0300
Processing by RestaurantesController#index as HTML
  [1m[35mRestaurante Load (0.4ms)[0m  SELECT `restaurantes`.* FROM `restaurantes` ORDER BY nome
  Rendered restaurantes/index.html.erb within layouts/application (9.4ms)
Completed 500 Internal Server Error in 11ms

ActionView::Template::Error (undefined local variable or method `’new’' for #<#<Class:0x007fa21af659a0>:0x007fa21ae53b98>):
    16: <% end %>
    17:    </table>
    18:    <br/>
    19:    <%= link_to 'Novo', { :action => ’new’ } %>
  app/views/restaurantes/index.html.erb:19:in `_app_views_restaurantes_index_html_erb__1220746546756145165_70167126915000'


  Rendered /Users/caioincau/.rvm/gems/ruby-1.9.3-p125@global/gems/actionpack-3.2.3/lib/action_dispatch/middleware/templates/rescues/_trace.erb (2.8ms)
  Rendered /Users/caioincau/.rvm/gems/ruby-1.9.3-p125@global/gems/actionpack-3.2.3/lib/action_dispatch/middleware/templates/rescues/_request_and_response.erb (0.8ms)
  Rendered /Users/caioincau/.rvm/gems/ruby-1.9.3-p125@global/gems/actionpack-3.2.3/lib/action_dispatch/middleware/templates/rescues/template_error.erb within rescues/layout (9.0ms)


Started GET "/inicio" for 127.0.0.1 at 2012-05-18 09:05:27 -0300
Processing by RestaurantesController#index as HTML
  [1m[36mRestaurante Load (0.4ms)[0m  [1mSELECT `restaurantes`.* FROM `restaurantes` ORDER BY nome[0m
  Rendered restaurantes/index.html.erb within layouts/application (11.4ms)
Completed 500 Internal Server Error in 13ms

ActionView::Template::Error (undefined local variable or method `’new’' for #<#<Class:0x007fa21af659a0>:0x007fa21a1ed6d8>):
    16: <% end %>
    17:    </table>
    18:    <br/>
    19:    <%= link_to 'Novo', { :action => ’new’ } %>
  app/views/restaurantes/index.html.erb:19:in `_app_views_restaurantes_index_html_erb__1220746546756145165_70167126915000'


  Rendered /Users/caioincau/.rvm/gems/ruby-1.9.3-p125@global/gems/actionpack-3.2.3/lib/action_dispatch/middleware/templates/rescues/_trace.erb (3.9ms)
  Rendered /Users/caioincau/.rvm/gems/ruby-1.9.3-p125@global/gems/actionpack-3.2.3/lib/action_dispatch/middleware/templates/rescues/_request_and_response.erb (1.5ms)
  Rendered /Users/caioincau/.rvm/gems/ruby-1.9.3-p125@global/gems/actionpack-3.2.3/lib/action_dispatch/middleware/templates/rescues/template_error.erb within rescues/layout (12.2ms)


Started GET "/inicio" for 127.0.0.1 at 2012-05-18 09:05:28 -0300
Processing by RestaurantesController#index as HTML
  [1m[35mRestaurante Load (0.4ms)[0m  SELECT `restaurantes`.* FROM `restaurantes` ORDER BY nome
  Rendered restaurantes/index.html.erb within layouts/application (11.0ms)
Completed 500 Internal Server Error in 13ms

ActionView::Template::Error (undefined local variable or method `’new’' for #<#<Class:0x007fa21af659a0>:0x007fa21a3ce240>):
    16: <% end %>
    17:    </table>
    18:    <br/>
    19:    <%= link_to 'Novo', { :action => ’new’ } %>
  app/views/restaurantes/index.html.erb:19:in `_app_views_restaurantes_index_html_erb__1220746546756145165_70167126915000'


  Rendered /Users/caioincau/.rvm/gems/ruby-1.9.3-p125@global/gems/actionpack-3.2.3/lib/action_dispatch/middleware/templates/rescues/_trace.erb (2.9ms)
  Rendered /Users/caioincau/.rvm/gems/ruby-1.9.3-p125@global/gems/actionpack-3.2.3/lib/action_dispatch/middleware/templates/rescues/_request_and_response.erb (1.0ms)
  Rendered /Users/caioincau/.rvm/gems/ruby-1.9.3-p125@global/gems/actionpack-3.2.3/lib/action_dispatch/middleware/templates/rescues/template_error.erb within rescues/layout (10.9ms)


Started GET "/inicio" for 127.0.0.1 at 2012-05-18 09:05:35 -0300
Processing by RestaurantesController#index as HTML
  [1m[36mRestaurante Load (0.2ms)[0m  [1mSELECT `restaurantes`.* FROM `restaurantes` ORDER BY nome[0m
  Rendered restaurantes/index.html.erb within layouts/application (22.2ms)
Completed 500 Internal Server Error in 57ms

ActionView::Template::Error (undefined local variable or method `’new’' for #<#<Class:0x007fd385eb8038>:0x007fd384b02188>):
    16: <% end %>
    17:    </table>
    18:    <br/>
    19:    <%= link_to 'Novo', { :action => ’new’ } %>
  app/views/restaurantes/index.html.erb:19:in `_app_views_restaurantes_index_html_erb___2935349437540609820_70273219070400'


  Rendered /Users/caioincau/.rvm/gems/ruby-1.9.3-p125@global/gems/actionpack-3.2.3/lib/action_dispatch/middleware/templates/rescues/_trace.erb (18.6ms)
  Rendered /Users/caioincau/.rvm/gems/ruby-1.9.3-p125@global/gems/actionpack-3.2.3/lib/action_dispatch/middleware/templates/rescues/_request_and_response.erb (0.9ms)
  Rendered /Users/caioincau/.rvm/gems/ruby-1.9.3-p125@global/gems/actionpack-3.2.3/lib/action_dispatch/middleware/templates/rescues/template_error.erb within rescues/layout (24.8ms)


Started GET "/inicio" for 127.0.0.1 at 2012-05-18 09:05:59 -0300
Processing by RestaurantesController#index as HTML
  [1m[36mRestaurante Load (0.3ms)[0m  [1mSELECT `restaurantes`.* FROM `restaurantes` ORDER BY nome[0m
  Rendered restaurantes/index.html.erb within layouts/application (17.5ms)
Compiled restaurantes.css  (19ms)  (pid 1003)
Compiled application.css  (59ms)  (pid 1003)
Compiled jquery.js  (3ms)  (pid 1003)
Compiled jquery_ujs.js  (0ms)  (pid 1003)
Compiled restaurantes.js  (110ms)  (pid 1003)
Compiled application.js  (207ms)  (pid 1003)
Completed 200 OK in 401ms (Views: 370.6ms | ActiveRecord: 3.5ms)


Started GET "/assets/application.css?body=1" for 127.0.0.1 at 2012-05-18 09:05:59 -0300
Served asset /application.css - 200 OK (5ms)


Started GET "/assets/restaurantes.css?body=1" for 127.0.0.1 at 2012-05-18 09:05:59 -0300
Served asset /restaurantes.css - 200 OK (1ms)


Started GET "/assets/restaurantes.js?body=1" for 127.0.0.1 at 2012-05-18 09:05:59 -0300
Served asset /restaurantes.js - 200 OK (1ms)


Started GET "/assets/jquery_ujs.js?body=1" for 127.0.0.1 at 2012-05-18 09:05:59 -0300
Served asset /jquery_ujs.js - 200 OK (2ms)


Started GET "/assets/jquery.js?body=1" for 127.0.0.1 at 2012-05-18 09:05:59 -0300
Served asset /jquery.js - 200 OK (2ms)


Started GET "/assets/application.js?body=1" for 127.0.0.1 at 2012-05-18 09:05:59 -0300
Served asset /application.js - 200 OK (25ms)


Started GET "/assets?action=show&controller=restaurantes&id=4" for 127.0.0.1 at 2012-05-18 09:06:02 -0300
Served asset  - 404 Not Found (2ms)

ActionController::RoutingError (No route matches [GET] "/assets"):
  actionpack (3.2.3) lib/action_dispatch/middleware/debug_exceptions.rb:21:in `call'
  actionpack (3.2.3) lib/action_dispatch/middleware/show_exceptions.rb:56:in `call'
  railties (3.2.3) lib/rails/rack/logger.rb:26:in `call_app'
  railties (3.2.3) lib/rails/rack/logger.rb:16:in `call'
  actionpack (3.2.3) lib/action_dispatch/middleware/request_id.rb:22:in `call'
  rack (1.4.1) lib/rack/methodoverride.rb:21:in `call'
  rack (1.4.1) lib/rack/runtime.rb:17:in `call'
  activesupport (3.2.3) lib/active_support/cache/strategy/local_cache.rb:72:in `call'
  rack (1.4.1) lib/rack/lock.rb:15:in `call'
  actionpack (3.2.3) lib/action_dispatch/middleware/static.rb:62:in `call'
  railties (3.2.3) lib/rails/engine.rb:479:in `call'
  railties (3.2.3) lib/rails/application.rb:220:in `call'
  rack (1.4.1) lib/rack/content_length.rb:14:in `call'
  railties (3.2.3) lib/rails/rack/log_tailer.rb:14:in `call'
  rack (1.4.1) lib/rack/handler/webrick.rb:59:in `service'
  /Users/caioincau/.rvm/rubies/ruby-1.9.3-p125/lib/ruby/1.9.1/webrick/httpserver.rb:138:in `service'
  /Users/caioincau/.rvm/rubies/ruby-1.9.3-p125/lib/ruby/1.9.1/webrick/httpserver.rb:94:in `run'
  /Users/caioincau/.rvm/rubies/ruby-1.9.3-p125/lib/ruby/1.9.1/webrick/server.rb:191:in `block in start_thread'


  Rendered /Users/caioincau/.rvm/gems/ruby-1.9.3-p125@global/gems/actionpack-3.2.3/lib/action_dispatch/middleware/templates/rescues/routing_error.erb within rescues/layout (0.9ms)
  [1m[36m (61.3ms)[0m  [1mCREATE TABLE `schema_migrations` (`version` varchar(255) NOT NULL) ENGINE=InnoDB[0m
  [1m[35m (205.5ms)[0m  CREATE UNIQUE INDEX `unique_schema_migrations` ON `schema_migrations` (`version`)
  [1m[36m (0.3ms)[0m  [1mSELECT `schema_migrations`.`version` FROM `schema_migrations` [0m
Migrating to CreateRestaurantes (20120516164452)
  [1m[35m (115.4ms)[0m  CREATE TABLE `restaurantes` (`id` int(11) DEFAULT NULL auto_increment PRIMARY KEY, `nome` varchar(80), `endereco` varchar(255), `created_at` datetime NOT NULL, `updated_at` datetime NOT NULL) ENGINE=InnoDB
  [1m[36m (0.6ms)[0m  [1mINSERT INTO `schema_migrations` (`version`) VALUES ('20120516164452')[0m
Migrating to AddColumnEspecialidadeRestaurante (20120516164731)
  [1m[35m (218.3ms)[0m  ALTER TABLE `restaurantes` ADD `especialidade` varchar(40)
  [1m[36m (0.6ms)[0m  [1mINSERT INTO `schema_migrations` (`version`) VALUES ('20120516164731')[0m
Migrating to CreateClientes (20120516181923)
  [1m[35m (190.5ms)[0m  CREATE TABLE `clientes` (`id` int(11) DEFAULT NULL auto_increment PRIMARY KEY, `nome` varchar(80), `idade` int(11), `created_at` datetime NOT NULL, `updated_at` datetime NOT NULL) ENGINE=InnoDB
  [1m[36m (0.9ms)[0m  [1mINSERT INTO `schema_migrations` (`version`) VALUES ('20120516181923')[0m
Migrating to CreatePratos (20120516182304)
  [1m[35m (159.9ms)[0m  CREATE TABLE `pratos` (`id` int(11) DEFAULT NULL auto_increment PRIMARY KEY, `nome` varchar(80), `created_at` datetime NOT NULL, `updated_at` datetime NOT NULL) ENGINE=InnoDB
  [1m[36m (0.7ms)[0m  [1mINSERT INTO `schema_migrations` (`version`) VALUES ('20120516182304')[0m
Migrating to CreateReceita (20120516182520)
  [1m[35m (120.8ms)[0m  CREATE TABLE `receita` (`id` int(11) DEFAULT NULL auto_increment PRIMARY KEY, `prato_id` int(11), `conteudo` text, `created_at` datetime NOT NULL, `updated_at` datetime NOT NULL) ENGINE=InnoDB
  [1m[36m (0.7ms)[0m  [1mINSERT INTO `schema_migrations` (`version`) VALUES ('20120516182520')[0m
Migrating to CreateQualificacoes (20120516183339)
  [1m[35m (103.9ms)[0m  CREATE TABLE `qualificacoes` (`id` int(11) DEFAULT NULL auto_increment PRIMARY KEY, `cliente_id` int(11), `restaurante_id` int(11), `nota` float, `valor_gasto` float, `created_at` datetime NOT NULL, `updated_at` datetime NOT NULL) ENGINE=InnoDB
  [1m[36m (92.8ms)[0m  [1mCREATE INDEX `index_qualificacoes_on_cliente_id` ON `qualificacoes` (`cliente_id`)[0m
  [1m[35m (102.1ms)[0m  CREATE INDEX `index_qualificacoes_on_restaurante_id` ON `qualificacoes` (`restaurante_id`)
  [1m[36m (0.5ms)[0m  [1mINSERT INTO `schema_migrations` (`version`) VALUES ('20120516183339')[0m
Migrating to CreatePratosRestaurantesJoinTable (20120517115442)
  [1m[35m (143.8ms)[0m  CREATE TABLE `pratos_restaurantes` (`prato_id` int(11), `restaurante_id` int(11)) ENGINE=InnoDB
  [1m[36m (0.7ms)[0m  [1mINSERT INTO `schema_migrations` (`version`) VALUES ('20120517115442')[0m
  [1m[35m (0.2ms)[0m  SELECT `schema_migrations`.`version` FROM `schema_migrations` 
  [1m[36m (0.4ms)[0m  [1mSELECT `schema_migrations`.`version` FROM `schema_migrations` [0m
Migrating to CreateRestaurantes (20120516164452)
Migrating to AddColumnEspecialidadeRestaurante (20120516164731)
Migrating to CreateClientes (20120516181923)
Migrating to CreatePratos (20120516182304)
Migrating to CreateReceita (20120516182520)
Migrating to CreateQualificacoes (20120516183339)
Migrating to CreatePratosRestaurantesJoinTable (20120517115442)
  [1m[35m (0.2ms)[0m  SELECT `schema_migrations`.`version` FROM `schema_migrations` 
